<?xml version="1.0" encoding="UTF-8"?>
<testsuite xmlns:xsi="http://www.w3.org/2001/XMLSchema-instance" xsi:noNamespaceSchemaLocation="https://maven.apache.org/surefire/maven-surefire-plugin/xsd/surefire-test-report.xsd" name="cn.edu.xmu.oomall.service.dao.ServiceDaoTest" time="1.168" tests="5" errors="0" skipped="0" failures="0">
  <properties>
[...]
</properties>
  <testcase name="findByIdWhenExist" classname="cn.edu.xmu.oomall.service.dao.ServiceDaoTest" time="0.248"/>
  <testcase name="testInsertService" classname="cn.edu.xmu.oomall.service.dao.ServiceDaoTest" time="0.27"/>
  <testcase name="findByServiceProviderIdAndStatus" classname="cn.edu.xmu.oomall.service.dao.ServiceDaoTest" time="0.217"/>
  <testcase name="findByIdWhenNull" classname="cn.edu.xmu.oomall.service.dao.ServiceDaoTest" time="0.135"/>
  <testcase name="testSaveService" classname="cn.edu.xmu.oomall.service.dao.ServiceDaoTest" time="0.295"/>
</testsuite>